<?xml version="1.0" encoding="UTF-8"?>
<!-- Generated by org.testng.reporters.JUnitReportReporter -->
<testsuite skipped="0" hostname="DESKTOP-NP5FPIR" name="testNG.TestngPriority" tests="3" failures="0" timestamp="14 Feb 2018 14:18:15 GMT" time="0.017" errors="0">
  <testcase name="test2" time="0.011" classname="testNG.TestngPriority"/>
  <testcase name="test3" time="0.004" classname="testNG.TestngPriority"/>
  <testcase name="test1" time="0.002" classname="testNG.TestngPriority"/>
</testsuite> <!-- testNG.TestngPriority -->
