<?xml version="1.0" encoding="UTF-8"?>
<!-- Generated by org.testng.reporters.JUnitReportReporter -->
<testsuite skipped="0" hostname="Shuvendu-PC" name="testNG.AllAnnotations" tests="1" failures="0" timestamp="18 Feb 2018 16:09:26 GMT" time="0.031" errors="0">
  <testcase name="test" time="0.031" classname="testNG.AllAnnotations"/>
</testsuite> <!-- testNG.AllAnnotations -->
