<?xml version="1.0" encoding="UTF-8"?>
<!-- Generated by org.testng.reporters.JUnitReportReporter -->
<testsuite skipped="0" hostname="DESKTOP-NP5FPIR" name="testNG.Annotations" tests="1" failures="0" timestamp="12 Feb 2018 07:10:49 GMT" time="0.012" errors="0">
  <testcase name="Test" time="0.012" classname="testNG.Annotations"/>
</testsuite> <!-- testNG.Annotations -->
