<?xml version="1.0" encoding="UTF-8"?>
<!-- Generated by org.testng.reporters.JUnitReportReporter -->
<testsuite skipped="0" hostname="DESKTOP-NP5FPIR" name="webDriverMethod.WebDriverMethod_Interface" tests="1" failures="0" timestamp="14 Feb 2018 07:57:07 GMT" time="18.225" errors="0">
  <testcase name="webDriver" time="18.225" classname="webDriverMethod.WebDriverMethod_Interface"/>
</testsuite> <!-- webDriverMethod.WebDriverMethod_Interface -->
