<?xml version="1.0" encoding="UTF-8"?>
<!-- Generated by org.testng.reporters.JUnitReportReporter -->
<testsuite skipped="0" hostname="DESKTOP-NP5FPIR" name="testNG.ParamatersInTestNG" tests="2" failures="0" timestamp="10 Feb 2018 20:05:51 GMT" time="0.004" errors="0">
  <testcase name="loginTest" time="0.003" classname="testNG.ParamatersInTestNG"/>
  <testcase name="loginTest" time="0.001" classname="testNG.ParamatersInTestNG"/>
</testsuite> <!-- testNG.ParamatersInTestNG -->
