<?xml version="1.0" encoding="UTF-8"?>
<!-- Generated by org.testng.reporters.JUnitReportReporter -->
<testsuite skipped="0" hostname="DESKTOP-NP5FPIR" name="testNG.TestDemo" tests="1" failures="0" timestamp="12 Feb 2018 07:14:17 GMT" time="0.007" errors="0">
  <testcase name="Test" time="0.007" classname="testNG.TestDemo"/>
</testsuite> <!-- testNG.TestDemo -->
