<?xml version="1.0" encoding="UTF-8"?>
<!-- Generated by org.testng.reporters.JUnitReportReporter -->
<testsuite skipped="0" hostname="DESKTOP-NP5FPIR" name="eCommerceLive.TestCase1" tests="1" failures="0" timestamp="11 Feb 2018 19:15:53 GMT" time="24.634" errors="0">
  <testcase name="testDay1TestCase1" time="24.634" classname="eCommerceLive.TestCase1"/>
</testsuite> <!-- eCommerceLive.TestCase1 -->
