<?xml version="1.0" encoding="UTF-8"?>
<!-- Generated by org.testng.reporters.JUnitReportReporter -->
<testsuite skipped="0" hostname="DESKTOP-NP5FPIR" name="selenium.NewTest" tests="1" failures="0" timestamp="09 Feb 2018 09:47:13 GMT" time="12.306" errors="0">
  <testcase name="f" time="12.306" classname="selenium.NewTest"/>
</testsuite> <!-- selenium.NewTest -->
