<?xml version="1.0" encoding="UTF-8"?>
<!-- Generated by org.testng.reporters.JUnitReportReporter -->
<testsuite skipped="1" hostname="DESKTOP-NP5FPIR" name="testNG.EnableAndDisableTest" tests="2" failures="0" timestamp="10 Feb 2018 20:05:51 GMT" time="0.002" errors="0">
  <testcase name="test" time="0.002" classname="testNG.EnableAndDisableTest"/>
  <testcase name="test1" classname="testNG.EnableAndDisableTest">
    <skipped/>
  </testcase> <!-- test1 -->
</testsuite> <!-- testNG.EnableAndDisableTest -->
