<?xml version="1.0" encoding="UTF-8"?>
<!-- Generated by org.testng.reporters.JUnitReportReporter -->
<testsuite skipped="0" hostname="DESKTOP-NP5FPIR" name="selenium.CheckBox" tests="1" failures="0" timestamp="14 Feb 2018 06:48:01 GMT" time="71.489" errors="0">
  <testcase name="Test1" time="71.489" classname="selenium.CheckBox"/>
</testsuite> <!-- selenium.CheckBox -->
