<?xml version="1.0" encoding="UTF-8"?>
<!-- Generated by org.testng.reporters.JUnitReportReporter -->
<testsuite skipped="0" hostname="DESKTOP-NP5FPIR" name="test.RunClass" tests="1" failures="0" timestamp="08 Feb 2018 14:20:11 GMT" time="13.881" errors="0">
  <testcase name="test" time="13.881" classname="test.RunClass"/>
</testsuite> <!-- test.RunClass -->
