<?xml version="1.0" encoding="UTF-8"?>
<!-- Generated by org.testng.reporters.JUnitReportReporter -->
<testsuite skipped="0" hostname="DESKTOP-NP5FPIR" name="testNG.AssertionScript" tests="1" failures="0" timestamp="14 Feb 2018 14:44:50 GMT" time="28.472" errors="0">
  <testcase name="test" time="28.472" classname="testNG.AssertionScript"/>
</testsuite> <!-- testNG.AssertionScript -->
